<?xml version="1.0" encoding="UTF-8"?>
<!-- Generated by org.testng.reporters.JUnitXMLReporter -->
<testsuite ignored="0" hostname="Satheesh" failures="0" tests="5" name="Test" time="16.178" errors="0" timestamp="2025-07-05T15:52:19 IST">
  <testcase classname="testCase.TC_003_EntoEnd" name="login" time="2.663"/>
  <testcase classname="testCase.TC_003_EntoEnd" name="search_product" time="5.347"/>
  <testcase classname="testCase.TC_003_EntoEnd" name="add_to_cart" time="1.556"/>
  <testcase classname="testCase.TC_003_EntoEnd" name="checkout" time="0.924"/>
  <testcase classname="testCase.TC_003_EntoEnd" name="payment" time="3.146"/>
</testsuite> <!-- Test -->
