<?xml version="1.0" encoding="UTF-8"?>
<!-- Generated by org.testng.reporters.JUnitXMLReporter -->
<testsuite ignored="0" hostname="Satheesh" failures="0" tests="5" name="Test" time="20.889" errors="0" timestamp="2025-05-03T16:49:48 IST">
  <testcase classname="testCase.TC_003_EntoEnd" name="login" time="3.825"/>
  <testcase classname="testCase.TC_003_EntoEnd" name="search_product" time="5.997"/>
  <testcase classname="testCase.TC_003_EntoEnd" name="add_to_cart" time="2.665"/>
  <testcase classname="testCase.TC_003_EntoEnd" name="checkout" time="1.755"/>
  <testcase classname="testCase.TC_003_EntoEnd" name="payment" time="2.676"/>
</testsuite> <!-- Test -->
