<?xml version="1.0" encoding="UTF-8"?>
<!-- Generated by org.testng.reporters.JUnitXMLReporter -->
<testsuite ignored="0" hostname="Satheesh" failures="1" tests="5" name="Test" time="21.746" errors="0" timestamp="2025-07-05T15:55:14 IST">
  <testcase classname="testCase.TC_003_EntoEnd" name="login" time="0.206">
    <failure type="java.lang.AssertionError" message="expected [Automation Exercise] but found [Automation Exercise - Signup / Login]">
      <![CDATA[java.lang.AssertionError: expected [Automation Exercise] but found [Automation Exercise - Signup / Login]
at testCase.TC_003_EntoEnd.login(TC_003_EntoEnd.java:26)
at java.base/java.util.ArrayList.forEach(ArrayList.java:1596)
... Removed 35 stack frames]]>
    </failure>
  </testcase> <!-- login -->
  <testcase classname="testCase.TC_003_EntoEnd" name="search_product" time="6.096"/>
  <testcase classname="testCase.TC_003_EntoEnd" name="add_to_cart" time="0.763"/>
  <testcase classname="testCase.TC_003_EntoEnd" name="checkout" time="1.965"/>
  <testcase classname="testCase.TC_003_EntoEnd" name="payment" time="2.628"/>
</testsuite> <!-- Test -->
