<?xml version="1.0" encoding="UTF-8"?>
<!-- Generated by org.testng.reporters.JUnitXMLReporter -->
<testsuite ignored="0" hostname="Satheesh" failures="0" tests="5" name="Test" time="14.952" errors="0" timestamp="2025-07-05T16:14:20 IST">
  <testcase classname="testCase.TC_003_EntoEnd" name="login" time="0.207"/>
  <testcase classname="testCase.TC_003_EntoEnd" name="search_product" time="7.328"/>
  <testcase classname="testCase.TC_003_EntoEnd" name="add_to_cart" time="1.389"/>
  <testcase classname="testCase.TC_003_EntoEnd" name="checkout" time="0.916"/>
  <testcase classname="testCase.TC_003_EntoEnd" name="payment" time="2.651"/>
</testsuite> <!-- Test -->
