<?xml version="1.0" encoding="UTF-8"?>
<testng-results ignored="0" total="5" passed="5" failed="0" skipped="0">
  <reporter-output>
  </reporter-output>
  <suite started-at="2025-07-05T16:14:05 IST" name="Suite" finished-at="2025-07-05T16:14:20 IST" duration-ms="14952">
    <groups>
    </groups>
    <test started-at="2025-07-05T16:14:05 IST" name="Test" finished-at="2025-07-05T16:14:20 IST" duration-ms="14952">
      <class name="testCase.TC_003_EntoEnd">
        <test-method is-config="true" signature="setup_suite(java.lang.String)[pri:0, instance:testCase.TC_003_EntoEnd@4550bb58]" started-at="2025-07-05T16:14:03 IST" name="setup_suite" finished-at="2025-07-05T16:14:05 IST" duration-ms="1289" status="PASS">
          <params>
            <param index="0">
              <value>
                <![CDATA[chrome]]>
              </value>
            </param>
          </params>
          <reporter-output>
          </reporter-output>
        </test-method> <!-- setup_suite -->
        <test-method is-config="true" signature="setup_class()[pri:0, instance:testCase.TC_003_EntoEnd@4550bb58]" started-at="2025-07-05T16:14:05 IST" name="setup_class" finished-at="2025-07-05T16:14:07 IST" duration-ms="2261" status="PASS">
          <reporter-output>
          </reporter-output>
        </test-method> <!-- setup_class -->
        <test-method signature="login()[pri:1, instance:testCase.TC_003_EntoEnd@4550bb58]" started-at="2025-07-05T16:14:07 IST" name="login" finished-at="2025-07-05T16:14:07 IST" duration-ms="207" status="PASS">
          <reporter-output>
          </reporter-output>
        </test-method> <!-- login -->
        <test-method signature="search_product()[pri:2, instance:testCase.TC_003_EntoEnd@4550bb58]" started-at="2025-07-05T16:14:07 IST" name="search_product" finished-at="2025-07-05T16:14:15 IST" duration-ms="7328" status="PASS">
          <reporter-output>
          </reporter-output>
        </test-method> <!-- search_product -->
        <test-method signature="add_to_cart()[pri:3, instance:testCase.TC_003_EntoEnd@4550bb58]" started-at="2025-07-05T16:14:15 IST" name="add_to_cart" finished-at="2025-07-05T16:14:16 IST" depends-on-methods="testCase.TC_003_EntoEnd.search_product" duration-ms="1389" status="PASS">
          <reporter-output>
          </reporter-output>
        </test-method> <!-- add_to_cart -->
        <test-method signature="checkout()[pri:4, instance:testCase.TC_003_EntoEnd@4550bb58]" started-at="2025-07-05T16:14:16 IST" name="checkout" finished-at="2025-07-05T16:14:17 IST" duration-ms="916" status="PASS">
          <reporter-output>
          </reporter-output>
        </test-method> <!-- checkout -->
        <test-method signature="payment()[pri:5, instance:testCase.TC_003_EntoEnd@4550bb58]" started-at="2025-07-05T16:14:17 IST" name="payment" finished-at="2025-07-05T16:14:20 IST" duration-ms="2651" status="PASS">
          <reporter-output>
          </reporter-output>
        </test-method> <!-- payment -->
        <test-method is-config="true" signature="teardown()[pri:0, instance:testCase.TC_003_EntoEnd@4550bb58]" started-at="2025-07-05T16:14:20 IST" name="teardown" finished-at="2025-07-05T16:14:21 IST" duration-ms="341" status="PASS">
          <reporter-output>
          </reporter-output>
        </test-method> <!-- teardown -->
      </class> <!-- testCase.TC_003_EntoEnd -->
    </test> <!-- Test -->
  </suite> <!-- Suite -->
</testng-results>
